Build started 22/10/2013 13:56:03.
     1>Project "C:\Users\win7\Desktop\plugin\proj\plugin.vcxproj" on node 2 (build target(s)).
     1>InitializeBuildStatus:
         Creating "Debug\plugin.unsuccessfulbuild" because "AlwaysCreate" was specified.
       ClCompile:
         C:\Program Files\Microsoft Visual Studio 10.0\VC\bin\CL.exe /c /I..\incs\ /ZI /nologo /W3 /WX- /Od /Oy- /D WIN32 /D _DEBUG /D _WINDOWS /D _USRDLL /D CUF_EXPORTS /D _WINDLL /D _MBCS /Gm /EHsc /RTC1 /MDd /GS /fp:precise /Zc:wchar_t /Zc:forScope /Fo"Debug\\" /Fd"Debug\vc100.pdb" /Gd /TP /analyze- /errorReport:prompt ..\src\main.cpp
         main.cpp
       ManifestResourceCompile:
         All outputs are up-to-date.
       Link:
         C:\Program Files\Microsoft Visual Studio 10.0\VC\bin\link.exe /ERRORREPORT:PROMPT /OUT:"..\bin\d_plugin.dll" /INCREMENTAL /NOLOGO kernel32.lib user32.lib gdi32.lib winspool.lib comdlg32.lib advapi32.lib shell32.lib ole32.lib oleaut32.lib uuid.lib odbc32.lib odbccp32.lib /DEF:"plugin.def" /MANIFEST /ManifestFile:"Debug\d_plugin.dll.intermediate.manifest" /MANIFESTUAC:"level='asInvoker' uiAccess='false'" /DEBUG /PDB:"C:\Users\win7\Desktop\plugin\bin\d_plugin.pdb" /SUBSYSTEM:WINDOWS /TLBID:1 /DYNAMICBASE /NXCOMPAT /IMPLIB:"..\bin\d_plugin.lib" /MACHINE:X86 /DLL Debug\d_plugin.dll.embed.manifest.res
         Debug\amxplugin.obj
         Debug\main.obj
         LINK : ..\bin\d_plugin.dll not found or not built by the last incremental link; performing full link
            Creating library ..\bin\d_plugin.lib and object ..\bin\d_plugin.exp
     1>d_plugin.exp : warning LNK4070: /OUT:plugin.dll directive in .EXP differs from output filename '..\bin\d_plugin.dll'; ignoring directive
       Manifest:
         C:\Program Files\Microsoft SDKs\Windows\v7.0A\bin\mt.exe /nologo /verbose /out:"Debug\d_plugin.dll.embed.manifest" /manifest Debug\d_plugin.dll.intermediate.manifest -lm 
         
     1>mt.exe : command line error c1010007: Unexpected/Unknown option "-lm".  Use the /? option for help on usage and samples.
         
     1>Done Building Project "C:\Users\win7\Desktop\plugin\proj\plugin.vcxproj" (build target(s)) -- FAILED.

Build FAILED.

Time Elapsed 00:00:02.15
